<?xml version="1.0" encoding="UTF-8"?>
<testsuite name="cn.dpc.abtesting.domain.ExperimentTest" tests="1" skipped="0" failures="0" errors="0" timestamp="2022-07-17T07:41:07" hostname="PeichaodeMacBook-Pro.local" time="0.452">
  <properties/>
  <testcase name="assign()" classname="cn.dpc.abtesting.domain.ExperimentTest" time="0.452"/>
  <system-out><![CDATA[]]></system-out>
  <system-err><![CDATA[]]></system-err>
</testsuite>
