<?xml version="1.0" encoding="UTF-8"?>
<testsuite name="cn.dpc.abtesting.domain.ExperimentTest" tests="1" skipped="0" failures="0" errors="0" timestamp="2022-12-04T03:30:44" hostname="peichaodongdeMacBook-Pro.local" time="0.662">
  <properties/>
  <testcase name="assign()" classname="cn.dpc.abtesting.domain.ExperimentTest" time="0.662"/>
  <system-out><![CDATA[11:30:45.487 [Test worker] DEBUG reactor.util.Loggers - Using Slf4j logging framework
]]></system-out>
  <system-err><![CDATA[]]></system-err>
</testsuite>
